device: cuda:4 n_gpu: 1, distributed training: True, 16-bits training: True
device: cuda:5 n_gpu: 1, distributed training: True, 16-bits training: True
device: cuda:6 n_gpu: 1, distributed training: True, 16-bits training: True
device: cuda:2 n_gpu: 1, distributed training: True, 16-bits training: True
device: cuda:3 n_gpu: 1, distributed training: True, 16-bits training: True
device: cuda:1 n_gpu: 1, distributed training: True, 16-bits training: True
device: cuda:7 n_gpu: 1, distributed training: True, 16-bits training: True
device: cuda:0 n_gpu: 1, distributed training: True, 16-bits training: True
DLL 2020-12-15 08:37:56.898422 - PARAMETER Config : ["Namespace(allreduce_post_accumulation=False, allreduce_post_accumulation_fp16=False, amp=False, bert_model='bert-base-uncased', checkpoint_activations=False, config_file='./bert_config.json', disable_progress_bar=False, do_train=True, fp16=True, gradient_accumulation_steps=1, init_checkpoint='', init_loss_scale=1048576, input_dir='/root/paddlejob/workspace/env_run/DeepLearningExamples/PyTorch/LanguageModeling/BERT/wikicorpus_en', json_summary='/dllogger.json', learning_rate=0.006, local_rank=0, log_freq=1.0, loss_scale=0.0, max_predictions_per_seq=20, max_seq_length=128, max_steps=120.0, n_gpu=1, num_steps_per_checkpoint=1000, num_train_epochs=3.0, output_dir='./results/checkpoints', phase1_end_step=7038, phase2=False, resume_from_checkpoint=False, resume_step=-1, seed=42, skip_checkpoint=False, steps_this_run=120.0, train_batch_size=128, use_env=False, warmup_proportion=1.0)"] 
Selected optimization level O2:  FP16 training with FP32 batchnorm and FP32 master weights.

Defaults for this optimization level are:
enabled                : True
opt_level              : O2
cast_model_type        : torch.float16
patch_torch_functions  : False
keep_batchnorm_fp32    : True
master_weights         : True
loss_scale             : dynamic
Processing user overrides (additional kwargs that are not None)...
After processing overrides, optimization options are:
enabled                : True
opt_level              : O2
cast_model_type        : torch.float16
patch_torch_functions  : False
keep_batchnorm_fp32    : True
master_weights         : True
loss_scale             : dynamic
yq01-sys-hic-k8s-v100-box-a225-0459:15385:15385 [0] NCCL INFO Bootstrap : Using [0]xgbe0:ip<0>
yq01-sys-hic-k8s-v100-box-a225-0459:15385:15385 [0] NCCL INFO NET/Plugin : No plugin found (libnccl-net.so).

yq01-sys-hic-k8s-v100-box-a225-0459:15385:15385 [0] misc/ibvwrap.cc:212 NCCL WARN Call to ibv_open_device failed

yq01-sys-hic-k8s-v100-box-a225-0459:15385:15385 [0] transport/net_ib.cc:117 NCCL WARN NET/IB : Unable to open device mlx5_0
yq01-sys-hic-k8s-v100-box-a225-0459:15385:15385 [0] NCCL INFO NET/IB : No device found.
yq01-sys-hic-k8s-v100-box-a225-0459:15385:15385 [0] NCCL INFO NET/Socket : Using [0]xgbe0:ip<0>
NCCL version 2.4.8+cuda10.1
yq01-sys-hic-k8s-v100-box-a225-0459:15392:15392 [7] NCCL INFO Bootstrap : Using [0]xgbe0:ip<0>
yq01-sys-hic-k8s-v100-box-a225-0459:15390:15390 [5] NCCL INFO Bootstrap : Using [0]xgbe0:ip<0>
yq01-sys-hic-k8s-v100-box-a225-0459:15387:15387 [2] NCCL INFO Bootstrap : Using [0]xgbe0:ip<0>
yq01-sys-hic-k8s-v100-box-a225-0459:15387:15387 [2] NCCL INFO NET/Plugin : No plugin found (libnccl-net.so).
yq01-sys-hic-k8s-v100-box-a225-0459:15390:15390 [5] NCCL INFO NET/Plugin : No plugin found (libnccl-net.so).
yq01-sys-hic-k8s-v100-box-a225-0459:15392:15392 [7] NCCL INFO NET/Plugin : No plugin found (libnccl-net.so).
yq01-sys-hic-k8s-v100-box-a225-0459:15388:15388 [3] NCCL INFO Bootstrap : Using [0]xgbe0:ip<0>
yq01-sys-hic-k8s-v100-box-a225-0459:15389:15389 [4] NCCL INFO Bootstrap : Using [0]xgbe0:ip<0>
yq01-sys-hic-k8s-v100-box-a225-0459:15391:15391 [6] NCCL INFO Bootstrap : Using [0]xgbe0:ip<0>
yq01-sys-hic-k8s-v100-box-a225-0459:15388:15388 [3] NCCL INFO NET/Plugin : No plugin found (libnccl-net.so).
yq01-sys-hic-k8s-v100-box-a225-0459:15389:15389 [4] NCCL INFO NET/Plugin : No plugin found (libnccl-net.so).
yq01-sys-hic-k8s-v100-box-a225-0459:15391:15391 [6] NCCL INFO NET/Plugin : No plugin found (libnccl-net.so).

yq01-sys-hic-k8s-v100-box-a225-0459:15392:15392 [7] misc/ibvwrap.cc:212 NCCL WARN Call to ibv_open_device failed

yq01-sys-hic-k8s-v100-box-a225-0459:15392:15392 [7] transport/net_ib.cc:117 NCCL WARN NET/IB : Unable to open device mlx5_0
yq01-sys-hic-k8s-v100-box-a225-0459:15392:15392 [7] NCCL INFO NET/IB : No device found.

yq01-sys-hic-k8s-v100-box-a225-0459:15390:15390 [5] misc/ibvwrap.cc:212 NCCL WARN Call to ibv_open_device failed

yq01-sys-hic-k8s-v100-box-a225-0459:15390:15390 [5] transport/net_ib.cc:117 NCCL WARN NET/IB : Unable to open device mlx5_0
yq01-sys-hic-k8s-v100-box-a225-0459:15390:15390 [5] NCCL INFO NET/IB : No device found.
yq01-sys-hic-k8s-v100-box-a225-0459:15392:15392 [7] NCCL INFO NET/Socket : Using [0]xgbe0:ip<0>
yq01-sys-hic-k8s-v100-box-a225-0459:15390:15390 [5] NCCL INFO NET/Socket : Using [0]xgbe0:ip<0>

yq01-sys-hic-k8s-v100-box-a225-0459:15388:15388 [3] misc/ibvwrap.cc:212 NCCL WARN Call to ibv_open_device failed

yq01-sys-hic-k8s-v100-box-a225-0459:15388:15388 [3] transport/net_ib.cc:117 NCCL WARN NET/IB : Unable to open device mlx5_0
yq01-sys-hic-k8s-v100-box-a225-0459:15388:15388 [3] NCCL INFO NET/IB : No device found.

yq01-sys-hic-k8s-v100-box-a225-0459:15389:15389 [4] misc/ibvwrap.cc:212 NCCL WARN Call to ibv_open_device failed

yq01-sys-hic-k8s-v100-box-a225-0459:15389:15389 [4] transport/net_ib.cc:117 NCCL WARN NET/IB : Unable to open device mlx5_0
yq01-sys-hic-k8s-v100-box-a225-0459:15389:15389 [4] NCCL INFO NET/IB : No device found.
yq01-sys-hic-k8s-v100-box-a225-0459:15388:15388 [3] NCCL INFO NET/Socket : Using [0]xgbe0:ip<0>
yq01-sys-hic-k8s-v100-box-a225-0459:15389:15389 [4] NCCL INFO NET/Socket : Using [0]xgbe0:ip<0>

yq01-sys-hic-k8s-v100-box-a225-0459:15391:15391 [6] misc/ibvwrap.cc:212 NCCL WARN Call to ibv_open_device failed

yq01-sys-hic-k8s-v100-box-a225-0459:15391:15391 [6] transport/net_ib.cc:117 NCCL WARN NET/IB : Unable to open device mlx5_0
yq01-sys-hic-k8s-v100-box-a225-0459:15391:15391 [6] NCCL INFO NET/IB : No device found.
yq01-sys-hic-k8s-v100-box-a225-0459:15391:15391 [6] NCCL INFO NET/Socket : Using [0]xgbe0:ip<0>

yq01-sys-hic-k8s-v100-box-a225-0459:15387:15387 [2] misc/ibvwrap.cc:212 NCCL WARN Call to ibv_open_device failed

yq01-sys-hic-k8s-v100-box-a225-0459:15387:15387 [2] transport/net_ib.cc:117 NCCL WARN NET/IB : Unable to open device mlx5_0
yq01-sys-hic-k8s-v100-box-a225-0459:15387:15387 [2] NCCL INFO NET/IB : No device found.
yq01-sys-hic-k8s-v100-box-a225-0459:15387:15387 [2] NCCL INFO NET/Socket : Using [0]xgbe0:ip<0>
yq01-sys-hic-k8s-v100-box-a225-0459:15386:15386 [1] NCCL INFO Bootstrap : Using [0]xgbe0:ip<0>
yq01-sys-hic-k8s-v100-box-a225-0459:15386:15386 [1] NCCL INFO NET/Plugin : No plugin found (libnccl-net.so).

yq01-sys-hic-k8s-v100-box-a225-0459:15386:15386 [1] misc/ibvwrap.cc:212 NCCL WARN Call to ibv_open_device failed

yq01-sys-hic-k8s-v100-box-a225-0459:15386:15386 [1] transport/net_ib.cc:117 NCCL WARN NET/IB : Unable to open device mlx5_0
yq01-sys-hic-k8s-v100-box-a225-0459:15386:15386 [1] NCCL INFO NET/IB : No device found.
yq01-sys-hic-k8s-v100-box-a225-0459:15386:15386 [1] NCCL INFO NET/Socket : Using [0]xgbe0:ip<0>
yq01-sys-hic-k8s-v100-box-a225-0459:15385:15435 [0] NCCL INFO Setting affinity for GPU 0 to ffffff
yq01-sys-hic-k8s-v100-box-a225-0459:15392:15436 [7] NCCL INFO Setting affinity for GPU 7 to ffffff
yq01-sys-hic-k8s-v100-box-a225-0459:15390:15437 [5] NCCL INFO Setting affinity for GPU 5 to ffffff
yq01-sys-hic-k8s-v100-box-a225-0459:15391:15440 [6] NCCL INFO Setting affinity for GPU 6 to ffffff
yq01-sys-hic-k8s-v100-box-a225-0459:15387:15441 [2] NCCL INFO Setting affinity for GPU 2 to ffffff
yq01-sys-hic-k8s-v100-box-a225-0459:15389:15439 [4] NCCL INFO Setting affinity for GPU 4 to ffffff
yq01-sys-hic-k8s-v100-box-a225-0459:15388:15438 [3] NCCL INFO Setting affinity for GPU 3 to ffffff
yq01-sys-hic-k8s-v100-box-a225-0459:15386:15442 [1] NCCL INFO Setting affinity for GPU 1 to ffffff
yq01-sys-hic-k8s-v100-box-a225-0459:15385:15435 [0] NCCL INFO Channel 00 :    0   1   2   3   7   5   6   4
yq01-sys-hic-k8s-v100-box-a225-0459:15385:15435 [0] NCCL INFO Channel 01 :    0   1   5   4   6   7   3   2
yq01-sys-hic-k8s-v100-box-a225-0459:15385:15435 [0] NCCL INFO Channel 02 :    0   2   3   7   6   4   5   1
yq01-sys-hic-k8s-v100-box-a225-0459:15385:15435 [0] NCCL INFO Channel 03 :    0   2   6   7   4   5   1   3
yq01-sys-hic-k8s-v100-box-a225-0459:15385:15435 [0] NCCL INFO Channel 04 :    0   3   1   5   4   7   6   2
yq01-sys-hic-k8s-v100-box-a225-0459:15385:15435 [0] NCCL INFO Channel 05 :    0   4   6   5   7   3   2   1
yq01-sys-hic-k8s-v100-box-a225-0459:15385:15435 [0] NCCL INFO Channel 06 :    0   1   2   3   7   5   6   4
yq01-sys-hic-k8s-v100-box-a225-0459:15385:15435 [0] NCCL INFO Channel 07 :    0   1   5   4   6   7   3   2
yq01-sys-hic-k8s-v100-box-a225-0459:15385:15435 [0] NCCL INFO Channel 08 :    0   2   3   7   6   4   5   1
yq01-sys-hic-k8s-v100-box-a225-0459:15385:15435 [0] NCCL INFO Channel 09 :    0   2   6   7   4   5   1   3
yq01-sys-hic-k8s-v100-box-a225-0459:15385:15435 [0] NCCL INFO Channel 10 :    0   3   1   5   4   7   6   2
yq01-sys-hic-k8s-v100-box-a225-0459:15385:15435 [0] NCCL INFO Channel 11 :    0   4   6   5   7   3   2   1
yq01-sys-hic-k8s-v100-box-a225-0459:15392:15436 [7] NCCL INFO Ring 00 : 7[7] -> 5[5] via P2P/IPC
yq01-sys-hic-k8s-v100-box-a225-0459:15388:15438 [3] NCCL INFO Ring 00 : 3[3] -> 7[7] via P2P/IPC
yq01-sys-hic-k8s-v100-box-a225-0459:15391:15440 [6] NCCL INFO Ring 00 : 6[6] -> 4[4] via P2P/IPC
yq01-sys-hic-k8s-v100-box-a225-0459:15390:15437 [5] NCCL INFO Ring 00 : 5[5] -> 6[6] via P2P/IPC
yq01-sys-hic-k8s-v100-box-a225-0459:15386:15442 [1] NCCL INFO Ring 00 : 1[1] -> 2[2] via P2P/IPC
yq01-sys-hic-k8s-v100-box-a225-0459:15387:15441 [2] NCCL INFO Ring 00 : 2[2] -> 3[3] via P2P/IPC
yq01-sys-hic-k8s-v100-box-a225-0459:15385:15435 [0] NCCL INFO Ring 00 : 0[0] -> 1[1] via P2P/IPC
yq01-sys-hic-k8s-v100-box-a225-0459:15389:15439 [4] NCCL INFO Ring 00 : 4[4] -> 0[0] via P2P/IPC
yq01-sys-hic-k8s-v100-box-a225-0459:15392:15436 [7] NCCL INFO Ring 01 : 7[7] -> 3[3] via P2P/IPC
yq01-sys-hic-k8s-v100-box-a225-0459:15388:15438 [3] NCCL INFO Ring 01 : 3[3] -> 2[2] via P2P/IPC
yq01-sys-hic-k8s-v100-box-a225-0459:15391:15440 [6] NCCL INFO Ring 01 : 6[6] -> 7[7] via P2P/IPC
yq01-sys-hic-k8s-v100-box-a225-0459:15390:15437 [5] NCCL INFO Ring 01 : 5[5] -> 4[4] via P2P/IPC
yq01-sys-hic-k8s-v100-box-a225-0459:15386:15442 [1] NCCL INFO Ring 01 : 1[1] -> 5[5] via P2P/IPC
yq01-sys-hic-k8s-v100-box-a225-0459:15387:15441 [2] NCCL INFO Ring 01 : 2[2] -> 0[0] via P2P/IPC
yq01-sys-hic-k8s-v100-box-a225-0459:15385:15435 [0] NCCL INFO Ring 01 : 0[0] -> 1[1] via P2P/IPC
yq01-sys-hic-k8s-v100-box-a225-0459:15389:15439 [4] NCCL INFO Ring 01 : 4[4] -> 6[6] via P2P/IPC
yq01-sys-hic-k8s-v100-box-a225-0459:15386:15442 [1] NCCL INFO Ring 02 : 1[1] -> 0[0] via P2P/IPC
yq01-sys-hic-k8s-v100-box-a225-0459:15392:15436 [7] NCCL INFO Ring 02 : 7[7] -> 6[6] via P2P/IPC
yq01-sys-hic-k8s-v100-box-a225-0459:15388:15438 [3] NCCL INFO Ring 02 : 3[3] -> 7[7] via P2P/IPC
yq01-sys-hic-k8s-v100-box-a225-0459:15391:15440 [6] NCCL INFO Ring 02 : 6[6] -> 4[4] via P2P/IPC
yq01-sys-hic-k8s-v100-box-a225-0459:15387:15441 [2] NCCL INFO Ring 02 : 2[2] -> 3[3] via P2P/IPC
yq01-sys-hic-k8s-v100-box-a225-0459:15385:15435 [0] NCCL INFO Ring 02 : 0[0] -> 2[2] via P2P/IPC
yq01-sys-hic-k8s-v100-box-a225-0459:15389:15439 [4] NCCL INFO Ring 02 : 4[4] -> 5[5] via P2P/IPC
yq01-sys-hic-k8s-v100-box-a225-0459:15390:15437 [5] NCCL INFO Ring 02 : 5[5] -> 1[1] via P2P/IPC
yq01-sys-hic-k8s-v100-box-a225-0459:15392:15436 [7] NCCL INFO Ring 03 : 7[7] -> 4[4] via P2P/IPC
yq01-sys-hic-k8s-v100-box-a225-0459:15388:15438 [3] NCCL INFO Ring 03 : 3[3] -> 0[0] via P2P/IPC
yq01-sys-hic-k8s-v100-box-a225-0459:15386:15442 [1] NCCL INFO Ring 03 : 1[1] -> 3[3] via P2P/IPC
yq01-sys-hic-k8s-v100-box-a225-0459:15389:15439 [4] NCCL INFO Ring 03 : 4[4] -> 5[5] via P2P/IPC
yq01-sys-hic-k8s-v100-box-a225-0459:15391:15440 [6] NCCL INFO Ring 03 : 6[6] -> 7[7] via P2P/IPC
yq01-sys-hic-k8s-v100-box-a225-0459:15387:15441 [2] NCCL INFO Ring 03 : 2[2] -> 6[6] via P2P/IPC
yq01-sys-hic-k8s-v100-box-a225-0459:15385:15435 [0] NCCL INFO Ring 03 : 0[0] -> 2[2] via P2P/IPC
yq01-sys-hic-k8s-v100-box-a225-0459:15390:15437 [5] NCCL INFO Ring 03 : 5[5] -> 1[1] via P2P/IPC
yq01-sys-hic-k8s-v100-box-a225-0459:15392:15436 [7] NCCL INFO Ring 04 : 7[7] -> 6[6] via P2P/IPC
yq01-sys-hic-k8s-v100-box-a225-0459:15386:15442 [1] NCCL INFO Ring 04 : 1[1] -> 5[5] via P2P/IPC
yq01-sys-hic-k8s-v100-box-a225-0459:15388:15438 [3] NCCL INFO Ring 04 : 3[3] -> 1[1] via P2P/IPC
yq01-sys-hic-k8s-v100-box-a225-0459:15387:15441 [2] NCCL INFO Ring 04 : 2[2] -> 0[0] via P2P/IPC
yq01-sys-hic-k8s-v100-box-a225-0459:15390:15437 [5] NCCL INFO Ring 04 : 5[5] -> 4[4] via P2P/IPC
yq01-sys-hic-k8s-v100-box-a225-0459:15389:15439 [4] NCCL INFO Ring 04 : 4[4] -> 7[7] via P2P/IPC
yq01-sys-hic-k8s-v100-box-a225-0459:15391:15440 [6] NCCL INFO Ring 04 : 6[6] -> 2[2] via P2P/IPC
yq01-sys-hic-k8s-v100-box-a225-0459:15385:15435 [0] NCCL INFO Ring 04 : 0[0] -> 3[3] via P2P/IPC
yq01-sys-hic-k8s-v100-box-a225-0459:15392:15436 [7] NCCL INFO Ring 05 : 7[7] -> 3[3] via P2P/IPC
yq01-sys-hic-k8s-v100-box-a225-0459:15386:15442 [1] NCCL INFO Ring 05 : 1[1] -> 0[0] via P2P/IPC
yq01-sys-hic-k8s-v100-box-a225-0459:15389:15439 [4] NCCL INFO Ring 05 : 4[4] -> 6[6] via P2P/IPC
yq01-sys-hic-k8s-v100-box-a225-0459:15388:15438 [3] NCCL INFO Ring 05 : 3[3] -> 2[2] via P2P/IPC
yq01-sys-hic-k8s-v100-box-a225-0459:15390:15437 [5] NCCL INFO Ring 05 : 5[5] -> 7[7] via P2P/IPC
yq01-sys-hic-k8s-v100-box-a225-0459:15391:15440 [6] NCCL INFO Ring 05 : 6[6] -> 5[5] via P2P/IPC
yq01-sys-hic-k8s-v100-box-a225-0459:15387:15441 [2] NCCL INFO Ring 05 : 2[2] -> 1[1] via P2P/IPC
yq01-sys-hic-k8s-v100-box-a225-0459:15385:15435 [0] NCCL INFO Ring 05 : 0[0] -> 4[4] via P2P/IPC
yq01-sys-hic-k8s-v100-box-a225-0459:15392:15436 [7] NCCL INFO Ring 06 : 7[7] -> 5[5] via P2P/IPC
yq01-sys-hic-k8s-v100-box-a225-0459:15391:15440 [6] NCCL INFO Ring 06 : 6[6] -> 4[4] via P2P/IPC
yq01-sys-hic-k8s-v100-box-a225-0459:15388:15438 [3] NCCL INFO Ring 06 : 3[3] -> 7[7] via P2P/IPC
yq01-sys-hic-k8s-v100-box-a225-0459:15386:15442 [1] NCCL INFO Ring 06 : 1[1] -> 2[2] via P2P/IPC
yq01-sys-hic-k8s-v100-box-a225-0459:15387:15441 [2] NCCL INFO Ring 06 : 2[2] -> 3[3] via P2P/IPC
yq01-sys-hic-k8s-v100-box-a225-0459:15389:15439 [4] NCCL INFO Ring 06 : 4[4] -> 0[0] via P2P/IPC
yq01-sys-hic-k8s-v100-box-a225-0459:15385:15435 [0] NCCL INFO Ring 06 : 0[0] -> 1[1] via P2P/IPC
yq01-sys-hic-k8s-v100-box-a225-0459:15390:15437 [5] NCCL INFO Ring 06 : 5[5] -> 6[6] via P2P/IPC
yq01-sys-hic-k8s-v100-box-a225-0459:15392:15436 [7] NCCL INFO Ring 07 : 7[7] -> 3[3] via P2P/IPC
yq01-sys-hic-k8s-v100-box-a225-0459:15391:15440 [6] NCCL INFO Ring 07 : 6[6] -> 7[7] via P2P/IPC
yq01-sys-hic-k8s-v100-box-a225-0459:15388:15438 [3] NCCL INFO Ring 07 : 3[3] -> 2[2] via P2P/IPC
yq01-sys-hic-k8s-v100-box-a225-0459:15386:15442 [1] NCCL INFO Ring 07 : 1[1] -> 5[5] via P2P/IPC
yq01-sys-hic-k8s-v100-box-a225-0459:15387:15441 [2] NCCL INFO Ring 07 : 2[2] -> 0[0] via P2P/IPC
yq01-sys-hic-k8s-v100-box-a225-0459:15389:15439 [4] NCCL INFO Ring 07 : 4[4] -> 6[6] via P2P/IPC
yq01-sys-hic-k8s-v100-box-a225-0459:15385:15435 [0] NCCL INFO Ring 07 : 0[0] -> 1[1] via P2P/IPC
yq01-sys-hic-k8s-v100-box-a225-0459:15390:15437 [5] NCCL INFO Ring 07 : 5[5] -> 4[4] via P2P/IPC
yq01-sys-hic-k8s-v100-box-a225-0459:15392:15436 [7] NCCL INFO Ring 08 : 7[7] -> 6[6] via P2P/IPC
yq01-sys-hic-k8s-v100-box-a225-0459:15391:15440 [6] NCCL INFO Ring 08 : 6[6] -> 4[4] via P2P/IPC
yq01-sys-hic-k8s-v100-box-a225-0459:15388:15438 [3] NCCL INFO Ring 08 : 3[3] -> 7[7] via P2P/IPC
yq01-sys-hic-k8s-v100-box-a225-0459:15386:15442 [1] NCCL INFO Ring 08 : 1[1] -> 0[0] via P2P/IPC
yq01-sys-hic-k8s-v100-box-a225-0459:15387:15441 [2] NCCL INFO Ring 08 : 2[2] -> 3[3] via P2P/IPC
yq01-sys-hic-k8s-v100-box-a225-0459:15389:15439 [4] NCCL INFO Ring 08 : 4[4] -> 5[5] via P2P/IPC
yq01-sys-hic-k8s-v100-box-a225-0459:15385:15435 [0] NCCL INFO Ring 08 : 0[0] -> 2[2] via P2P/IPC
yq01-sys-hic-k8s-v100-box-a225-0459:15390:15437 [5] NCCL INFO Ring 08 : 5[5] -> 1[1] via P2P/IPC
yq01-sys-hic-k8s-v100-box-a225-0459:15392:15436 [7] NCCL INFO Ring 09 : 7[7] -> 4[4] via P2P/IPC
yq01-sys-hic-k8s-v100-box-a225-0459:15391:15440 [6] NCCL INFO Ring 09 : 6[6] -> 7[7] via P2P/IPC
yq01-sys-hic-k8s-v100-box-a225-0459:15388:15438 [3] NCCL INFO Ring 09 : 3[3] -> 0[0] via P2P/IPC
yq01-sys-hic-k8s-v100-box-a225-0459:15387:15441 [2] NCCL INFO Ring 09 : 2[2] -> 6[6] via P2P/IPC
yq01-sys-hic-k8s-v100-box-a225-0459:15386:15442 [1] NCCL INFO Ring 09 : 1[1] -> 3[3] via P2P/IPC
yq01-sys-hic-k8s-v100-box-a225-0459:15389:15439 [4] NCCL INFO Ring 09 : 4[4] -> 5[5] via P2P/IPC
yq01-sys-hic-k8s-v100-box-a225-0459:15385:15435 [0] NCCL INFO Ring 09 : 0[0] -> 2[2] via P2P/IPC
yq01-sys-hic-k8s-v100-box-a225-0459:15390:15437 [5] NCCL INFO Ring 09 : 5[5] -> 1[1] via P2P/IPC
yq01-sys-hic-k8s-v100-box-a225-0459:15392:15436 [7] NCCL INFO Ring 10 : 7[7] -> 6[6] via P2P/IPC
yq01-sys-hic-k8s-v100-box-a225-0459:15391:15440 [6] NCCL INFO Ring 10 : 6[6] -> 2[2] via P2P/IPC
yq01-sys-hic-k8s-v100-box-a225-0459:15387:15441 [2] NCCL INFO Ring 10 : 2[2] -> 0[0] via P2P/IPC
yq01-sys-hic-k8s-v100-box-a225-0459:15386:15442 [1] NCCL INFO Ring 10 : 1[1] -> 5[5] via P2P/IPC
yq01-sys-hic-k8s-v100-box-a225-0459:15388:15438 [3] NCCL INFO Ring 10 : 3[3] -> 1[1] via P2P/IPC
yq01-sys-hic-k8s-v100-box-a225-0459:15389:15439 [4] NCCL INFO Ring 10 : 4[4] -> 7[7] via P2P/IPC
yq01-sys-hic-k8s-v100-box-a225-0459:15385:15435 [0] NCCL INFO Ring 10 : 0[0] -> 3[3] via P2P/IPC
yq01-sys-hic-k8s-v100-box-a225-0459:15390:15437 [5] NCCL INFO Ring 10 : 5[5] -> 4[4] via P2P/IPC
yq01-sys-hic-k8s-v100-box-a225-0459:15392:15436 [7] NCCL INFO Ring 11 : 7[7] -> 3[3] via P2P/IPC
yq01-sys-hic-k8s-v100-box-a225-0459:15391:15440 [6] NCCL INFO Ring 11 : 6[6] -> 5[5] via P2P/IPC
yq01-sys-hic-k8s-v100-box-a225-0459:15387:15441 [2] NCCL INFO Ring 11 : 2[2] -> 1[1] via P2P/IPC
yq01-sys-hic-k8s-v100-box-a225-0459:15386:15442 [1] NCCL INFO Ring 11 : 1[1] -> 0[0] via P2P/IPC
yq01-sys-hic-k8s-v100-box-a225-0459:15388:15438 [3] NCCL INFO Ring 11 : 3[3] -> 2[2] via P2P/IPC
yq01-sys-hic-k8s-v100-box-a225-0459:15389:15439 [4] NCCL INFO Ring 11 : 4[4] -> 6[6] via P2P/IPC
yq01-sys-hic-k8s-v100-box-a225-0459:15385:15435 [0] NCCL INFO Ring 11 : 0[0] -> 4[4] via P2P/IPC
yq01-sys-hic-k8s-v100-box-a225-0459:15390:15437 [5] NCCL INFO Ring 11 : 5[5] -> 7[7] via P2P/IPC
yq01-sys-hic-k8s-v100-box-a225-0459:15385:15435 [0] NCCL INFO Using 256 threads, Min Comp Cap 7, Trees disabled
yq01-sys-hic-k8s-v100-box-a225-0459:15392:15436 [7] NCCL INFO comm 0x7ff3f0001fe0 rank 7 nranks 8 cudaDev 7 nvmlDev 7 - Init COMPLETE
yq01-sys-hic-k8s-v100-box-a225-0459:15391:15440 [6] NCCL INFO comm 0x7f44b0001fe0 rank 6 nranks 8 cudaDev 6 nvmlDev 6 - Init COMPLETE
yq01-sys-hic-k8s-v100-box-a225-0459:15388:15438 [3] NCCL INFO comm 0x7f4a28001fe0 rank 3 nranks 8 cudaDev 3 nvmlDev 3 - Init COMPLETE
yq01-sys-hic-k8s-v100-box-a225-0459:15386:15442 [1] NCCL INFO comm 0x7ff8fc001fe0 rank 1 nranks 8 cudaDev 1 nvmlDev 1 - Init COMPLETE
yq01-sys-hic-k8s-v100-box-a225-0459:15387:15441 [2] NCCL INFO comm 0x7fc290001fe0 rank 2 nranks 8 cudaDev 2 nvmlDev 2 - Init COMPLETE
yq01-sys-hic-k8s-v100-box-a225-0459:15385:15435 [0] NCCL INFO comm 0x7f6eb4001fe0 rank 0 nranks 8 cudaDev 0 nvmlDev 0 - Init COMPLETE
yq01-sys-hic-k8s-v100-box-a225-0459:15389:15439 [4] NCCL INFO comm 0x7f3f10001fe0 rank 4 nranks 8 cudaDev 4 nvmlDev 4 - Init COMPLETE
yq01-sys-hic-k8s-v100-box-a225-0459:15385:15385 [0] NCCL INFO Launch mode Parallel
yq01-sys-hic-k8s-v100-box-a225-0459:15390:15437 [5] NCCL INFO comm 0x7f6664001fe0 rank 5 nranks 8 cudaDev 5 nvmlDev 5 - Init COMPLETE
DLL 2020-12-15 08:38:05.374925 - PARAMETER SEED : 42 
DLL 2020-12-15 08:38:05.375133 - PARAMETER train_start : True 
DLL 2020-12-15 08:38:05.375202 - PARAMETER batch_size_per_gpu : 128 
DLL 2020-12-15 08:38:05.375244 - PARAMETER learning_rate : 0.006 

Iteration:   0%|          | 0/4935 [00:00<?, ?it/s]run_pretraining.py:115: UserWarning: This overload of nonzero is deprecated:
	nonzero()
Consider using one of the following signatures instead:
	nonzero(*, bool as_tuple) (Triggered internally at  /pytorch/torch/csrc/utils/python_arg_parser.cpp:766.)
  padded_mask_indices = (masked_lm_positions == 0).nonzero()
run_pretraining.py:115: UserWarning: This overload of nonzero is deprecated:
	nonzero()
Consider using one of the following signatures instead:
	nonzero(*, bool as_tuple) (Triggered internally at  /pytorch/torch/csrc/utils/python_arg_parser.cpp:766.)
  padded_mask_indices = (masked_lm_positions == 0).nonzero()
run_pretraining.py:115: UserWarning: This overload of nonzero is deprecated:
	nonzero()
Consider using one of the following signatures instead:
	nonzero(*, bool as_tuple) (Triggered internally at  /pytorch/torch/csrc/utils/python_arg_parser.cpp:766.)
  padded_mask_indices = (masked_lm_positions == 0).nonzero()
run_pretraining.py:115: UserWarning: This overload of nonzero is deprecated:
	nonzero()
Consider using one of the following signatures instead:
	nonzero(*, bool as_tuple) (Triggered internally at  /pytorch/torch/csrc/utils/python_arg_parser.cpp:766.)
  padded_mask_indices = (masked_lm_positions == 0).nonzero()
run_pretraining.py:115: UserWarning: This overload of nonzero is deprecated:
	nonzero()
Consider using one of the following signatures instead:
	nonzero(*, bool as_tuple) (Triggered internally at  /pytorch/torch/csrc/utils/python_arg_parser.cpp:766.)
  padded_mask_indices = (masked_lm_positions == 0).nonzero()
run_pretraining.py:115: UserWarning: This overload of nonzero is deprecated:
	nonzero()
Consider using one of the following signatures instead:
	nonzero(*, bool as_tuple) (Triggered internally at  /pytorch/torch/csrc/utils/python_arg_parser.cpp:766.)
  padded_mask_indices = (masked_lm_positions == 0).nonzero()
run_pretraining.py:115: UserWarning: This overload of nonzero is deprecated:
	nonzero()
Consider using one of the following signatures instead:
	nonzero(*, bool as_tuple) (Triggered internally at  /pytorch/torch/csrc/utils/python_arg_parser.cpp:766.)
  padded_mask_indices = (masked_lm_positions == 0).nonzero()
run_pretraining.py:115: UserWarning: This overload of nonzero is deprecated:
	nonzero()
Consider using one of the following signatures instead:
	nonzero(*, bool as_tuple) (Triggered internally at  /pytorch/torch/csrc/utils/python_arg_parser.cpp:766.)
  padded_mask_indices = (masked_lm_positions == 0).nonzero()
run_pretraining.py:115: UserWarning: This overload of nonzero is deprecated:
	nonzero()
Consider using one of the following signatures instead:
	nonzero(*, bool as_tuple) (Triggered internally at  /pytorch/torch/csrc/utils/python_arg_parser.cpp:766.)
  padded_mask_indices = (masked_lm_positions == 0).nonzero()
run_pretraining.py:115: UserWarning: This overload of nonzero is deprecated:
	nonzero()
Consider using one of the following signatures instead:
	nonzero(*, bool as_tuple) (Triggered internally at  /pytorch/torch/csrc/utils/python_arg_parser.cpp:766.)
  padded_mask_indices = (masked_lm_positions == 0).nonzero()
run_pretraining.py:115: UserWarning: This overload of nonzero is deprecated:
	nonzero()
Consider using one of the following signatures instead:
	nonzero(*, bool as_tuple) (Triggered internally at  /pytorch/torch/csrc/utils/python_arg_parser.cpp:766.)
  padded_mask_indices = (masked_lm_positions == 0).nonzero()
run_pretraining.py:115: UserWarning: This overload of nonzero is deprecated:
	nonzero()
Consider using one of the following signatures instead:
	nonzero(*, bool as_tuple) (Triggered internally at  /pytorch/torch/csrc/utils/python_arg_parser.cpp:766.)
  padded_mask_indices = (masked_lm_positions == 0).nonzero()
run_pretraining.py:115: UserWarning: This overload of nonzero is deprecated:
	nonzero()
Consider using one of the following signatures instead:
	nonzero(*, bool as_tuple) (Triggered internally at  /pytorch/torch/csrc/utils/python_arg_parser.cpp:766.)
  padded_mask_indices = (masked_lm_positions == 0).nonzero()
run_pretraining.py:115: UserWarning: This overload of nonzero is deprecated:
	nonzero()
Consider using one of the following signatures instead:
	nonzero(*, bool as_tuple) (Triggered internally at  /pytorch/torch/csrc/utils/python_arg_parser.cpp:766.)
  padded_mask_indices = (masked_lm_positions == 0).nonzero()
run_pretraining.py:115: UserWarning: This overload of nonzero is deprecated:
	nonzero()
Consider using one of the following signatures instead:
	nonzero(*, bool as_tuple) (Triggered internally at  /pytorch/torch/csrc/utils/python_arg_parser.cpp:766.)
  padded_mask_indices = (masked_lm_positions == 0).nonzero()
run_pretraining.py:115: UserWarning: This overload of nonzero is deprecated:
	nonzero()
Consider using one of the following signatures instead:
	nonzero(*, bool as_tuple) (Triggered internally at  /pytorch/torch/csrc/utils/python_arg_parser.cpp:766.)
  padded_mask_indices = (masked_lm_positions == 0).nonzero()
run_pretraining.py:115: UserWarning: This overload of nonzero is deprecated:
	nonzero()
Consider using one of the following signatures instead:
	nonzero(*, bool as_tuple) (Triggered internally at  /pytorch/torch/csrc/utils/python_arg_parser.cpp:766.)
  padded_mask_indices = (masked_lm_positions == 0).nonzero()
run_pretraining.py:115: UserWarning: This overload of nonzero is deprecated:
	nonzero()
Consider using one of the following signatures instead:
	nonzero(*, bool as_tuple) (Triggered internally at  /pytorch/torch/csrc/utils/python_arg_parser.cpp:766.)
  padded_mask_indices = (masked_lm_positions == 0).nonzero()
run_pretraining.py:115: UserWarning: This overload of nonzero is deprecated:
	nonzero()
Consider using one of the following signatures instead:
	nonzero(*, bool as_tuple) (Triggered internally at  /pytorch/torch/csrc/utils/python_arg_parser.cpp:766.)
  padded_mask_indices = (masked_lm_positions == 0).nonzero()
run_pretraining.py:115: UserWarning: This overload of nonzero is deprecated:
	nonzero()
Consider using one of the following signatures instead:
	nonzero(*, bool as_tuple) (Triggered internally at  /pytorch/torch/csrc/utils/python_arg_parser.cpp:766.)
  padded_mask_indices = (masked_lm_positions == 0).nonzero()
run_pretraining.py:115: UserWarning: This overload of nonzero is deprecated:
	nonzero()
Consider using one of the following signatures instead:
	nonzero(*, bool as_tuple) (Triggered internally at  /pytorch/torch/csrc/utils/python_arg_parser.cpp:766.)
  padded_mask_indices = (masked_lm_positions == 0).nonzero()
run_pretraining.py:115: UserWarning: This overload of nonzero is deprecated:
	nonzero()
Consider using one of the following signatures instead:
	nonzero(*, bool as_tuple) (Triggered internally at  /pytorch/torch/csrc/utils/python_arg_parser.cpp:766.)
  padded_mask_indices = (masked_lm_positions == 0).nonzero()
run_pretraining.py:115: UserWarning: This overload of nonzero is deprecated:
	nonzero()
Consider using one of the following signatures instead:
	nonzero(*, bool as_tuple) (Triggered internally at  /pytorch/torch/csrc/utils/python_arg_parser.cpp:766.)
  padded_mask_indices = (masked_lm_positions == 0).nonzero()
run_pretraining.py:115: UserWarning: This overload of nonzero is deprecated:
	nonzero()
Consider using one of the following signatures instead:
	nonzero(*, bool as_tuple) (Triggered internally at  /pytorch/torch/csrc/utils/python_arg_parser.cpp:766.)
  padded_mask_indices = (masked_lm_positions == 0).nonzero()
run_pretraining.py:115: UserWarning: This overload of nonzero is deprecated:
	nonzero()
Consider using one of the following signatures instead:
	nonzero(*, bool as_tuple) (Triggered internally at  /pytorch/torch/csrc/utils/python_arg_parser.cpp:766.)
  padded_mask_indices = (masked_lm_positions == 0).nonzero()
run_pretraining.py:115: UserWarning: This overload of nonzero is deprecated:
	nonzero()
Consider using one of the following signatures instead:
	nonzero(*, bool as_tuple) (Triggered internally at  /pytorch/torch/csrc/utils/python_arg_parser.cpp:766.)
  padded_mask_indices = (masked_lm_positions == 0).nonzero()
run_pretraining.py:115: UserWarning: This overload of nonzero is deprecated:
	nonzero()
Consider using one of the following signatures instead:
	nonzero(*, bool as_tuple) (Triggered internally at  /pytorch/torch/csrc/utils/python_arg_parser.cpp:766.)
  padded_mask_indices = (masked_lm_positions == 0).nonzero()
run_pretraining.py:115: UserWarning: This overload of nonzero is deprecated:
	nonzero()
Consider using one of the following signatures instead:
	nonzero(*, bool as_tuple) (Triggered internally at  /pytorch/torch/csrc/utils/python_arg_parser.cpp:766.)
  padded_mask_indices = (masked_lm_positions == 0).nonzero()
run_pretraining.py:115: UserWarning: This overload of nonzero is deprecated:
	nonzero()
Consider using one of the following signatures instead:
	nonzero(*, bool as_tuple) (Triggered internally at  /pytorch/torch/csrc/utils/python_arg_parser.cpp:766.)
  padded_mask_indices = (masked_lm_positions == 0).nonzero()
run_pretraining.py:115: UserWarning: This overload of nonzero is deprecated:
	nonzero()
Consider using one of the following signatures instead:
	nonzero(*, bool as_tuple) (Triggered internally at  /pytorch/torch/csrc/utils/python_arg_parser.cpp:766.)
  padded_mask_indices = (masked_lm_positions == 0).nonzero()
run_pretraining.py:115: UserWarning: This overload of nonzero is deprecated:
	nonzero()
Consider using one of the following signatures instead:
	nonzero(*, bool as_tuple) (Triggered internally at  /pytorch/torch/csrc/utils/python_arg_parser.cpp:766.)
  padded_mask_indices = (masked_lm_positions == 0).nonzero()
run_pretraining.py:115: UserWarning: This overload of nonzero is deprecated:
	nonzero()
Consider using one of the following signatures instead:
	nonzero(*, bool as_tuple) (Triggered internally at  /pytorch/torch/csrc/utils/python_arg_parser.cpp:766.)
  padded_mask_indices = (masked_lm_positions == 0).nonzero()
Gradient overflow.  Skipping step, loss scaler 0 reducing loss scale to 524288.0
Gradient overflow.  Skipping step, loss scaler 0 reducing loss scale to 524288.0
Gradient overflow.  Skipping step, loss scaler 0 reducing loss scale to 524288.0
Gradient overflow.  Skipping step, loss scaler 0 reducing loss scale to 524288.0Gradient overflow.  Skipping step, loss scaler 0 reducing loss scale to 524288.0

Gradient overflow.  Skipping step, loss scaler 0 reducing loss scale to 524288.0
Gradient overflow.  Skipping step, loss scaler 0 reducing loss scale to 524288.0
Gradient overflow.  Skipping step, loss scaler 0 reducing loss scale to 524288.0
DLL 2020-12-15 08:38:10.447180 - Training Epoch: 0 Training Iteration: 1  average_loss : 11.2109375  step_loss : 11.2109375  learning_rate : 5e-05 

Iteration:   0%|          | 1/4935 [00:00<1:19:13,  1.04it/s]Gradient overflow.  Skipping step, loss scaler 0 reducing loss scale to 262144.0Gradient overflow.  Skipping step, loss scaler 0 reducing loss scale to 262144.0Gradient overflow.  Skipping step, loss scaler 0 reducing loss scale to 262144.0Gradient overflow.  Skipping step, loss scaler 0 reducing loss scale to 262144.0



Gradient overflow.  Skipping step, loss scaler 0 reducing loss scale to 262144.0
Gradient overflow.  Skipping step, loss scaler 0 reducing loss scale to 262144.0
Gradient overflow.  Skipping step, loss scaler 0 reducing loss scale to 262144.0
Gradient overflow.  Skipping step, loss scaler 0 reducing loss scale to 262144.0
DLL 2020-12-15 08:38:10.692333 - Training Epoch: 0 Training Iteration: 2  average_loss : 11.1953125  step_loss : 11.1953125  learning_rate : 5e-05 

Iteration:   0%|          | 2/4935 [00:01<1:01:29,  1.34it/s]Gradient overflow.  Skipping step, loss scaler 0 reducing loss scale to 131072.0
Gradient overflow.  Skipping step, loss scaler 0 reducing loss scale to 131072.0Gradient overflow.  Skipping step, loss scaler 0 reducing loss scale to 131072.0Gradient overflow.  Skipping step, loss scaler 0 reducing loss scale to 131072.0
Gradient overflow.  Skipping step, loss scaler 0 reducing loss scale to 131072.0


Gradient overflow.  Skipping step, loss scaler 0 reducing loss scale to 131072.0
Gradient overflow.  Skipping step, loss scaler 0 reducing loss scale to 131072.0
Gradient overflow.  Skipping step, loss scaler 0 reducing loss scale to 131072.0
DLL 2020-12-15 08:38:10.937571 - Training Epoch: 0 Training Iteration: 3  average_loss : 11.21875  step_loss : 11.21875  learning_rate : 5e-05 

Iteration:   0%|          | 3/4935 [00:01<49:05,  1.67it/s]  Gradient overflow.  Skipping step, loss scaler 0 reducing loss scale to 65536.0Gradient overflow.  Skipping step, loss scaler 0 reducing loss scale to 65536.0Gradient overflow.  Skipping step, loss scaler 0 reducing loss scale to 65536.0Gradient overflow.  Skipping step, loss scaler 0 reducing loss scale to 65536.0Gradient overflow.  Skipping step, loss scaler 0 reducing loss scale to 65536.0




Gradient overflow.  Skipping step, loss scaler 0 reducing loss scale to 65536.0Gradient overflow.  Skipping step, loss scaler 0 reducing loss scale to 65536.0
Gradient overflow.  Skipping step, loss scaler 0 reducing loss scale to 65536.0

DLL 2020-12-15 08:38:11.182856 - Training Epoch: 0 Training Iteration: 4  average_loss : 11.1953125  step_loss : 11.1953125  learning_rate : 5e-05 

Iteration:   0%|          | 4/4935 [00:01<40:23,  2.03it/s]Gradient overflow.  Skipping step, loss scaler 0 reducing loss scale to 32768.0Gradient overflow.  Skipping step, loss scaler 0 reducing loss scale to 32768.0

Gradient overflow.  Skipping step, loss scaler 0 reducing loss scale to 32768.0
Gradient overflow.  Skipping step, loss scaler 0 reducing loss scale to 32768.0Gradient overflow.  Skipping step, loss scaler 0 reducing loss scale to 32768.0

Gradient overflow.  Skipping step, loss scaler 0 reducing loss scale to 32768.0Gradient overflow.  Skipping step, loss scaler 0 reducing loss scale to 32768.0

Gradient overflow.  Skipping step, loss scaler 0 reducing loss scale to 32768.0
DLL 2020-12-15 08:38:11.430348 - Training Epoch: 0 Training Iteration: 5  average_loss : 11.203125  step_loss : 11.203125  learning_rate : 5e-05 

Iteration:   0%|          | 5/4935 [00:01<34:22,  2.39it/s]DLL 2020-12-15 08:38:11.688875 - Training Epoch: 0 Training Iteration: 6  average_loss : 11.2265625  step_loss : 11.2265625  learning_rate : 5e-05 

Iteration:   0%|          | 6/4935 [00:02<30:25,  2.70it/s]DLL 2020-12-15 08:38:11.945834 - Training Epoch: 0 Training Iteration: 7  average_loss : 11.203125  step_loss : 11.203125  learning_rate : 0.0001 

Iteration:   0%|          | 7/4935 [00:02<27:37,  2.97it/s]DLL 2020-12-15 08:38:12.202755 - Training Epoch: 0 Training Iteration: 8  average_loss : 11.171875  step_loss : 11.171875  learning_rate : 0.00015000000000000001 

Iteration:   0%|          | 8/4935 [00:02<25:39,  3.20it/s]DLL 2020-12-15 08:38:12.460607 - Training Epoch: 0 Training Iteration: 9  average_loss : 11.1171875  step_loss : 11.1171875  learning_rate : 0.0002 

Iteration:   0%|          | 9/4935 [00:02<24:18,  3.38it/s]DLL 2020-12-15 08:38:12.720787 - Training Epoch: 0 Training Iteration: 10  average_loss : 11.03125  step_loss : 11.03125  learning_rate : 0.00025 

Iteration:   0%|          | 10/4935 [00:03<23:25,  3.50it/s]DLL 2020-12-15 08:38:12.977467 - Training Epoch: 0 Training Iteration: 11  average_loss : 10.8828125  step_loss : 10.8828125  learning_rate : 0.00030000000000000003 

Iteration:   0%|          | 11/4935 [00:03<22:42,  3.61it/s]DLL 2020-12-15 08:38:13.234926 - Training Epoch: 0 Training Iteration: 12  average_loss : 10.7734375  step_loss : 10.7734375  learning_rate : 0.00035 

Iteration:   0%|          | 12/4935 [00:03<22:13,  3.69it/s]DLL 2020-12-15 08:38:13.492273 - Training Epoch: 0 Training Iteration: 13  average_loss : 10.671875  step_loss : 10.671875  learning_rate : 0.0004 

Iteration:   0%|          | 13/4935 [00:04<21:53,  3.75it/s]DLL 2020-12-15 08:38:13.753560 - Training Epoch: 0 Training Iteration: 14  average_loss : 10.6171875  step_loss : 10.6171875  learning_rate : 0.00045 

Iteration:   0%|          | 14/4935 [00:04<21:45,  3.77it/s]DLL 2020-12-15 08:38:14.011239 - Training Epoch: 0 Training Iteration: 15  average_loss : 10.4765625  step_loss : 10.4765625  learning_rate : 0.0005 

Iteration:   0%|          | 15/4935 [00:04<21:33,  3.80it/s]DLL 2020-12-15 08:38:14.270404 - Training Epoch: 0 Training Iteration: 16  average_loss : 10.390625  step_loss : 10.390625  learning_rate : 0.0005499999999999999 

Iteration:   0%|          | 16/4935 [00:04<21:27,  3.82it/s]DLL 2020-12-15 08:38:14.527892 - Training Epoch: 0 Training Iteration: 17  average_loss : 10.3671875  step_loss : 10.3671875  learning_rate : 0.0006000000000000001 

Iteration:   0%|          | 17/4935 [00:05<21:21,  3.84it/s]DLL 2020-12-15 08:38:14.785196 - Training Epoch: 0 Training Iteration: 18  average_loss : 10.2109375  step_loss : 10.2109375  learning_rate : 0.0006500000000000001 

Iteration:   0%|          | 18/4935 [00:05<21:16,  3.85it/s]DLL 2020-12-15 08:38:15.042348 - Training Epoch: 0 Training Iteration: 19  average_loss : 10.2109375  step_loss : 10.2109375  learning_rate : 0.0007 

Iteration:   0%|          | 19/4935 [00:05<21:12,  3.86it/s]DLL 2020-12-15 08:38:17.004640 - Training Epoch: 0 Training Iteration: 20  average_loss : 10.1875  step_loss : 10.1875  learning_rate : 0.00075 

Iteration:   0%|          | 20/4935 [00:07<1:05:23,  1.25it/s]DLL 2020-12-15 08:38:17.354461 - Training Epoch: 0 Training Iteration: 21  average_loss : 10.109375  step_loss : 10.109375  learning_rate : 0.0008 

Iteration:   0%|          | 21/4935 [00:07<52:01,  1.57it/s]  DLL 2020-12-15 08:38:17.628132 - Training Epoch: 0 Training Iteration: 22  average_loss : 10.0234375  step_loss : 10.0234375  learning_rate : 0.00085 

Iteration:   0%|          | 22/4935 [00:08<43:08,  1.90it/s]DLL 2020-12-15 08:38:17.883010 - Training Epoch: 0 Training Iteration: 23  average_loss : 10.0625  step_loss : 10.0625  learning_rate : 0.0009 

Iteration:   0%|          | 23/4935 [00:08<36:26,  2.25it/s]DLL 2020-12-15 08:38:18.142041 - Training Epoch: 0 Training Iteration: 24  average_loss : 9.984375  step_loss : 9.984375  learning_rate : 0.00095 

Iteration:   0%|          | 24/4935 [00:08<31:52,  2.57it/s]DLL 2020-12-15 08:38:18.398199 - Training Epoch: 0 Training Iteration: 25  average_loss : 9.9140625  step_loss : 9.9140625  learning_rate : 0.001 

Iteration:   1%|          | 25/4935 [00:08<28:35,  2.86it/s]DLL 2020-12-15 08:38:18.656382 - Training Epoch: 0 Training Iteration: 26  average_loss : 9.8359375  step_loss : 9.8359375  learning_rate : 0.00105 

Iteration:   1%|          | 26/4935 [00:09<26:20,  3.11it/s]DLL 2020-12-15 08:38:18.919967 - Training Epoch: 0 Training Iteration: 27  average_loss : 9.90625  step_loss : 9.90625  learning_rate : 0.0010999999999999998 

Iteration:   1%|          | 27/4935 [00:09<24:54,  3.28it/s]DLL 2020-12-15 08:38:19.176873 - Training Epoch: 0 Training Iteration: 28  average_loss : 9.859375  step_loss : 9.859375  learning_rate : 0.0011500000000000002 

Iteration:   1%|          | 28/4935 [00:09<23:44,  3.45it/s]DLL 2020-12-15 08:38:19.433931 - Training Epoch: 0 Training Iteration: 29  average_loss : 9.7734375  step_loss : 9.7734375  learning_rate : 0.0012000000000000001 

Iteration:   1%|          | 29/4935 [00:09<22:55,  3.57it/s]DLL 2020-12-15 08:38:19.693564 - Training Epoch: 0 Training Iteration: 30  average_loss : 9.828125  step_loss : 9.828125  learning_rate : 0.00125 

Iteration:   1%|          | 30/4935 [00:10<22:24,  3.65it/s]DLL 2020-12-15 08:38:19.952135 - Training Epoch: 0 Training Iteration: 31  average_loss : 9.609375  step_loss : 9.609375  learning_rate : 0.0013000000000000002 

Iteration:   1%|          | 31/4935 [00:10<22:01,  3.71it/s]DLL 2020-12-15 08:38:20.210227 - Training Epoch: 0 Training Iteration: 32  average_loss : 9.6953125  step_loss : 9.6953125  learning_rate : 0.00135 

Iteration:   1%|          | 32/4935 [00:10<21:44,  3.76it/s]DLL 2020-12-15 08:38:20.466962 - Training Epoch: 0 Training Iteration: 33  average_loss : 9.640625  step_loss : 9.640625  learning_rate : 0.0014 

Iteration:   1%|          | 33/4935 [00:10<21:30,  3.80it/s]DLL 2020-12-15 08:38:20.725120 - Training Epoch: 0 Training Iteration: 34  average_loss : 9.546875  step_loss : 9.546875  learning_rate : 0.0014500000000000001 

Iteration:   1%|          | 34/4935 [00:11<21:22,  3.82it/s]DLL 2020-12-15 08:38:20.981823 - Training Epoch: 0 Training Iteration: 35  average_loss : 9.546875  step_loss : 9.546875  learning_rate : 0.0015 

Iteration:   1%|          | 35/4935 [00:11<21:15,  3.84it/s]DLL 2020-12-15 08:38:21.239824 - Training Epoch: 0 Training Iteration: 36  average_loss : 9.4453125  step_loss : 9.4453125  learning_rate : 0.0015500000000000002 

Iteration:   1%|          | 36/4935 [00:11<21:11,  3.85it/s]DLL 2020-12-15 08:38:21.499764 - Training Epoch: 0 Training Iteration: 37  average_loss : 9.4140625  step_loss : 9.4140625  learning_rate : 0.0016 

Iteration:   1%|          | 37/4935 [00:12<21:11,  3.85it/s]DLL 2020-12-15 08:38:21.756836 - Training Epoch: 0 Training Iteration: 38  average_loss : 9.34375  step_loss : 9.34375  learning_rate : 0.0016500000000000002 

Iteration:   1%|          | 38/4935 [00:12<21:07,  3.86it/s]DLL 2020-12-15 08:38:22.014955 - Training Epoch: 0 Training Iteration: 39  average_loss : 9.3359375  step_loss : 9.3359375  learning_rate : 0.0017 

Iteration:   1%|          | 39/4935 [00:12<21:06,  3.87it/s]DLL 2020-12-15 08:38:22.271169 - Training Epoch: 0 Training Iteration: 40  average_loss : 9.3828125  step_loss : 9.3828125  learning_rate : 0.0017500000000000003 

Iteration:   1%|          | 40/4935 [00:12<21:02,  3.88it/s]DLL 2020-12-15 08:38:22.530568 - Training Epoch: 0 Training Iteration: 41  average_loss : 9.234375  step_loss : 9.234375  learning_rate : 0.0018 

Iteration:   1%|          | 41/4935 [00:13<21:04,  3.87it/s]DLL 2020-12-15 08:38:22.787744 - Training Epoch: 0 Training Iteration: 42  average_loss : 9.21875  step_loss : 9.21875  learning_rate : 0.00185 

Iteration:   1%|          | 42/4935 [00:13<21:02,  3.88it/s]DLL 2020-12-15 08:38:23.044230 - Training Epoch: 0 Training Iteration: 43  average_loss : 9.109375  step_loss : 9.109375  learning_rate : 0.0019 

Iteration:   1%|          | 43/4935 [00:13<20:59,  3.88it/s]DLL 2020-12-15 08:38:23.301323 - Training Epoch: 0 Training Iteration: 44  average_loss : 9.09375  step_loss : 9.09375  learning_rate : 0.0019500000000000001 

Iteration:   1%|          | 44/4935 [00:13<20:59,  3.88it/s]DLL 2020-12-15 08:38:23.561159 - Training Epoch: 0 Training Iteration: 45  average_loss : 9.03125  step_loss : 9.03125  learning_rate : 0.002 

Iteration:   1%|          | 45/4935 [00:14<21:02,  3.87it/s]DLL 2020-12-15 08:38:23.819707 - Training Epoch: 0 Training Iteration: 46  average_loss : 8.96875  step_loss : 8.96875  learning_rate : 0.00205 

Iteration:   1%|          | 46/4935 [00:14<21:02,  3.87it/s]DLL 2020-12-15 08:38:24.077286 - Training Epoch: 0 Training Iteration: 47  average_loss : 8.9453125  step_loss : 8.9453125  learning_rate : 0.0021 

Iteration:   1%|          | 47/4935 [00:14<21:01,  3.88it/s]DLL 2020-12-15 08:38:24.334803 - Training Epoch: 0 Training Iteration: 48  average_loss : 8.8671875  step_loss : 8.8671875  learning_rate : 0.00215 

Iteration:   1%|          | 48/4935 [00:14<21:00,  3.88it/s]DLL 2020-12-15 08:38:24.592237 - Training Epoch: 0 Training Iteration: 49  average_loss : 8.7578125  step_loss : 8.7578125  learning_rate : 0.0021999999999999997 

Iteration:   1%|          | 49/4935 [00:15<20:59,  3.88it/s]DLL 2020-12-15 08:38:24.851392 - Training Epoch: 0 Training Iteration: 50  average_loss : 8.8828125  step_loss : 8.8828125  learning_rate : 0.0022500000000000003 

Iteration:   1%|          | 50/4935 [00:15<21:01,  3.87it/s]DLL 2020-12-15 08:38:25.111335 - Training Epoch: 0 Training Iteration: 51  average_loss : 8.765625  step_loss : 8.765625  learning_rate : 0.0023000000000000004 

Iteration:   1%|          | 51/4935 [00:15<21:03,  3.87it/s]DLL 2020-12-15 08:38:25.369975 - Training Epoch: 0 Training Iteration: 52  average_loss : 8.703125  step_loss : 8.703125  learning_rate : 0.00235 

Iteration:   1%|          | 52/4935 [00:15<21:03,  3.87it/s]DLL 2020-12-15 08:38:25.627335 - Training Epoch: 0 Training Iteration: 53  average_loss : 8.6171875  step_loss : 8.6171875  learning_rate : 0.0024000000000000002 

Iteration:   1%|          | 53/4935 [00:16<21:00,  3.87it/s]DLL 2020-12-15 08:38:25.883876 - Training Epoch: 0 Training Iteration: 54  average_loss : 8.59375  step_loss : 8.59375  learning_rate : 0.00245 

Iteration:   1%|          | 54/4935 [00:16<20:58,  3.88it/s]DLL 2020-12-15 08:38:26.141216 - Training Epoch: 0 Training Iteration: 55  average_loss : 8.5859375  step_loss : 8.5859375  learning_rate : 0.0025 

Iteration:   1%|          | 55/4935 [00:16<20:57,  3.88it/s]DLL 2020-12-15 08:38:26.397540 - Training Epoch: 0 Training Iteration: 56  average_loss : 8.4921875  step_loss : 8.4921875  learning_rate : 0.00255 

Iteration:   1%|          | 56/4935 [00:16<20:55,  3.89it/s]DLL 2020-12-15 08:38:26.656146 - Training Epoch: 0 Training Iteration: 57  average_loss : 8.5703125  step_loss : 8.5703125  learning_rate : 0.0026000000000000003 

Iteration:   1%|          | 57/4935 [00:17<20:56,  3.88it/s]DLL 2020-12-15 08:38:26.912903 - Training Epoch: 0 Training Iteration: 58  average_loss : 8.4609375  step_loss : 8.4609375  learning_rate : 0.00265 

Iteration:   1%|          | 58/4935 [00:17<20:55,  3.89it/s]DLL 2020-12-15 08:38:27.171569 - Training Epoch: 0 Training Iteration: 59  average_loss : 8.4453125  step_loss : 8.4453125  learning_rate : 0.0027 

Iteration:   1%|          | 59/4935 [00:17<20:56,  3.88it/s]DLL 2020-12-15 08:38:27.429613 - Training Epoch: 0 Training Iteration: 60  average_loss : 8.4140625  step_loss : 8.4140625  learning_rate : 0.00275 

Iteration:   1%|          | 60/4935 [00:17<20:57,  3.88it/s]DLL 2020-12-15 08:38:27.685930 - Training Epoch: 0 Training Iteration: 61  average_loss : 8.3828125  step_loss : 8.3828125  learning_rate : 0.0028 

Iteration:   1%|          | 61/4935 [00:18<20:54,  3.88it/s]DLL 2020-12-15 08:38:27.943545 - Training Epoch: 0 Training Iteration: 62  average_loss : 8.2734375  step_loss : 8.2734375  learning_rate : 0.00285 

Iteration:   1%|▏         | 62/4935 [00:18<20:54,  3.88it/s]DLL 2020-12-15 08:38:28.201730 - Training Epoch: 0 Training Iteration: 63  average_loss : 8.1953125  step_loss : 8.1953125  learning_rate : 0.0029000000000000002 

Iteration:   1%|▏         | 63/4935 [00:18<20:55,  3.88it/s]DLL 2020-12-15 08:38:28.457119 - Training Epoch: 0 Training Iteration: 64  average_loss : 8.25  step_loss : 8.25  learning_rate : 0.00295 

Iteration:   1%|▏         | 64/4935 [00:18<20:51,  3.89it/s]DLL 2020-12-15 08:38:28.714244 - Training Epoch: 0 Training Iteration: 65  average_loss : 8.1484375  step_loss : 8.1484375  learning_rate : 0.003 

Iteration:   1%|▏         | 65/4935 [00:19<20:51,  3.89it/s]DLL 2020-12-15 08:38:28.971170 - Training Epoch: 0 Training Iteration: 66  average_loss : 8.109375  step_loss : 8.109375  learning_rate : 0.0030499999999999998 

Iteration:   1%|▏         | 66/4935 [00:19<20:51,  3.89it/s]DLL 2020-12-15 08:38:29.231132 - Training Epoch: 0 Training Iteration: 67  average_loss : 8.171875  step_loss : 8.171875  learning_rate : 0.0031000000000000003 

Iteration:   1%|▏         | 67/4935 [00:19<20:55,  3.88it/s]DLL 2020-12-15 08:38:29.487400 - Training Epoch: 0 Training Iteration: 68  average_loss : 8.171875  step_loss : 8.171875  learning_rate : 0.00315 

Iteration:   1%|▏         | 68/4935 [00:20<20:52,  3.89it/s]DLL 2020-12-15 08:38:29.743295 - Training Epoch: 0 Training Iteration: 69  average_loss : 8.03125  step_loss : 8.03125  learning_rate : 0.0032 

Iteration:   1%|▏         | 69/4935 [00:20<20:50,  3.89it/s]DLL 2020-12-15 08:38:30.002141 - Training Epoch: 0 Training Iteration: 70  average_loss : 8.1015625  step_loss : 8.1015625  learning_rate : 0.00325 

Iteration:   1%|▏         | 70/4935 [00:20<20:52,  3.88it/s]DLL 2020-12-15 08:38:30.258986 - Training Epoch: 0 Training Iteration: 71  average_loss : 8.046875  step_loss : 8.046875  learning_rate : 0.0033000000000000004 

Iteration:   1%|▏         | 71/4935 [00:20<20:51,  3.89it/s]DLL 2020-12-15 08:38:30.514683 - Training Epoch: 0 Training Iteration: 72  average_loss : 7.91015625  step_loss : 7.91015625  learning_rate : 0.00335 

Iteration:   1%|▏         | 72/4935 [00:21<20:48,  3.89it/s]DLL 2020-12-15 08:38:30.771536 - Training Epoch: 0 Training Iteration: 73  average_loss : 8.0859375  step_loss : 8.0859375  learning_rate : 0.0034 

Iteration:   1%|▏         | 73/4935 [00:21<20:48,  3.89it/s]DLL 2020-12-15 08:38:31.031511 - Training Epoch: 0 Training Iteration: 74  average_loss : 7.9765625  step_loss : 7.9765625  learning_rate : 0.00345 

Iteration:   1%|▏         | 74/4935 [00:21<20:53,  3.88it/s]DLL 2020-12-15 08:38:31.289644 - Training Epoch: 0 Training Iteration: 75  average_loss : 7.94140625  step_loss : 7.94140625  learning_rate : 0.0035000000000000005 

Iteration:   2%|▏         | 75/4935 [00:21<20:53,  3.88it/s]DLL 2020-12-15 08:38:31.546104 - Training Epoch: 0 Training Iteration: 76  average_loss : 7.9140625  step_loss : 7.9140625  learning_rate : 0.00355 

Iteration:   2%|▏         | 76/4935 [00:22<20:50,  3.88it/s]DLL 2020-12-15 08:38:31.801803 - Training Epoch: 0 Training Iteration: 77  average_loss : 8.046875  step_loss : 8.046875  learning_rate : 0.0036 

Iteration:   2%|▏         | 77/4935 [00:22<20:48,  3.89it/s]DLL 2020-12-15 08:38:32.061529 - Training Epoch: 0 Training Iteration: 78  average_loss : 7.9375  step_loss : 7.9375  learning_rate : 0.0036499999999999996 

Iteration:   2%|▏         | 78/4935 [00:22<20:51,  3.88it/s]DLL 2020-12-15 08:38:32.317183 - Training Epoch: 0 Training Iteration: 79  average_loss : 7.92578125  step_loss : 7.92578125  learning_rate : 0.0037 

Iteration:   2%|▏         | 79/4935 [00:22<20:48,  3.89it/s]DLL 2020-12-15 08:38:32.572965 - Training Epoch: 0 Training Iteration: 80  average_loss : 8.1875  step_loss : 8.1875  learning_rate : 0.00375 

Iteration:   2%|▏         | 80/4935 [00:23<20:46,  3.90it/s]DLL 2020-12-15 08:38:32.829571 - Training Epoch: 0 Training Iteration: 81  average_loss : 8.0234375  step_loss : 8.0234375  learning_rate : 0.0038 

Iteration:   2%|▏         | 81/4935 [00:23<20:45,  3.90it/s]DLL 2020-12-15 08:38:33.087127 - Training Epoch: 0 Training Iteration: 82  average_loss : 7.9375  step_loss : 7.9375  learning_rate : 0.0038500000000000006 

Iteration:   2%|▏         | 82/4935 [00:23<20:46,  3.89it/s]DLL 2020-12-15 08:38:33.342882 - Training Epoch: 0 Training Iteration: 83  average_loss : 8.0078125  step_loss : 8.0078125  learning_rate : 0.0039000000000000003 

Iteration:   2%|▏         | 83/4935 [00:23<20:44,  3.90it/s]DLL 2020-12-15 08:38:33.598906 - Training Epoch: 0 Training Iteration: 84  average_loss : 8.0078125  step_loss : 8.0078125  learning_rate : 0.00395 

Iteration:   2%|▏         | 84/4935 [00:24<20:44,  3.90it/s]DLL 2020-12-15 08:38:33.854279 - Training Epoch: 0 Training Iteration: 85  average_loss : 7.8828125  step_loss : 7.8828125  learning_rate : 0.004 

Iteration:   2%|▏         | 85/4935 [00:24<20:42,  3.90it/s]DLL 2020-12-15 08:38:34.114178 - Training Epoch: 0 Training Iteration: 86  average_loss : 7.984375  step_loss : 7.984375  learning_rate : 0.004050000000000001 

Iteration:   2%|▏         | 86/4935 [00:24<20:47,  3.89it/s]DLL 2020-12-15 08:38:34.373423 - Training Epoch: 0 Training Iteration: 87  average_loss : 8.0390625  step_loss : 8.0390625  learning_rate : 0.0041 

Iteration:   2%|▏         | 87/4935 [00:24<20:50,  3.88it/s]DLL 2020-12-15 08:38:34.629440 - Training Epoch: 0 Training Iteration: 88  average_loss : 8.0234375  step_loss : 8.0234375  learning_rate : 0.00415 

Iteration:   2%|▏         | 88/4935 [00:25<20:47,  3.89it/s]DLL 2020-12-15 08:38:34.886114 - Training Epoch: 0 Training Iteration: 89  average_loss : 7.94921875  step_loss : 7.94921875  learning_rate : 0.0042 

Iteration:   2%|▏         | 89/4935 [00:25<20:45,  3.89it/s]DLL 2020-12-15 08:38:35.144368 - Training Epoch: 0 Training Iteration: 90  average_loss : 7.9296875  step_loss : 7.9296875  learning_rate : 0.00425 

Iteration:   2%|▏         | 90/4935 [00:25<20:47,  3.88it/s]DLL 2020-12-15 08:38:35.402211 - Training Epoch: 0 Training Iteration: 91  average_loss : 8.1796875  step_loss : 8.1796875  learning_rate : 0.0043 

Iteration:   2%|▏         | 91/4935 [00:25<20:47,  3.88it/s]DLL 2020-12-15 08:38:35.658775 - Training Epoch: 0 Training Iteration: 92  average_loss : 8.0234375  step_loss : 8.0234375  learning_rate : 0.00435 

Iteration:   2%|▏         | 92/4935 [00:26<20:45,  3.89it/s]DLL 2020-12-15 08:38:35.915463 - Training Epoch: 0 Training Iteration: 93  average_loss : 8.0546875  step_loss : 8.0546875  learning_rate : 0.004399999999999999 

Iteration:   2%|▏         | 93/4935 [00:26<20:44,  3.89it/s]DLL 2020-12-15 08:38:36.173222 - Training Epoch: 0 Training Iteration: 94  average_loss : 8.15625  step_loss : 8.15625  learning_rate : 0.00445 

Iteration:   2%|▏         | 94/4935 [00:26<20:45,  3.89it/s]DLL 2020-12-15 08:38:36.432415 - Training Epoch: 0 Training Iteration: 95  average_loss : 8.046875  step_loss : 8.046875  learning_rate : 0.0045000000000000005 

Iteration:   2%|▏         | 95/4935 [00:26<20:48,  3.88it/s]DLL 2020-12-15 08:38:36.689290 - Training Epoch: 0 Training Iteration: 96  average_loss : 8.140625  step_loss : 8.140625  learning_rate : 0.00455 

Iteration:   2%|▏         | 96/4935 [00:27<20:46,  3.88it/s]DLL 2020-12-15 08:38:36.946864 - Training Epoch: 0 Training Iteration: 97  average_loss : 8.09375  step_loss : 8.09375  learning_rate : 0.004600000000000001 

Iteration:   2%|▏         | 97/4935 [00:27<20:46,  3.88it/s]DLL 2020-12-15 08:38:37.201993 - Training Epoch: 0 Training Iteration: 98  average_loss : 8.0625  step_loss : 8.0625  learning_rate : 0.0046500000000000005 

Iteration:   2%|▏         | 98/4935 [00:27<20:42,  3.89it/s]DLL 2020-12-15 08:38:37.460204 - Training Epoch: 0 Training Iteration: 99  average_loss : 8.0078125  step_loss : 8.0078125  learning_rate : 0.0047 

Iteration:   2%|▏         | 99/4935 [00:27<20:44,  3.89it/s]DLL 2020-12-15 08:38:37.716611 - Training Epoch: 0 Training Iteration: 100  average_loss : 8.046875  step_loss : 8.046875  learning_rate : 0.00475 

Iteration:   2%|▏         | 100/4935 [00:28<20:42,  3.89it/s]DLL 2020-12-15 08:38:37.971975 - Training Epoch: 0 Training Iteration: 101  average_loss : 7.9765625  step_loss : 7.9765625  learning_rate : 0.0048000000000000004 

Iteration:   2%|▏         | 101/4935 [00:28<20:39,  3.90it/s]DLL 2020-12-15 08:38:38.228837 - Training Epoch: 0 Training Iteration: 102  average_loss : 8.046875  step_loss : 8.046875  learning_rate : 0.00485 

Iteration:   2%|▏         | 102/4935 [00:28<20:40,  3.90it/s]DLL 2020-12-15 08:38:38.485863 - Training Epoch: 0 Training Iteration: 103  average_loss : 8.078125  step_loss : 8.078125  learning_rate : 0.0049 

Iteration:   2%|▏         | 103/4935 [00:29<20:40,  3.90it/s]DLL 2020-12-15 08:38:38.744706 - Training Epoch: 0 Training Iteration: 104  average_loss : 8.0234375  step_loss : 8.0234375  learning_rate : 0.0049499999999999995 

Iteration:   2%|▏         | 104/4935 [00:29<20:43,  3.89it/s]DLL 2020-12-15 08:38:39.002467 - Training Epoch: 0 Training Iteration: 105  average_loss : 8.09375  step_loss : 8.09375  learning_rate : 0.005 

Iteration:   2%|▏         | 105/4935 [00:29<20:43,  3.88it/s]DLL 2020-12-15 08:38:39.258848 - Training Epoch: 0 Training Iteration: 106  average_loss : 7.99609375  step_loss : 7.99609375  learning_rate : 0.00505 

Iteration:   2%|▏         | 106/4935 [00:29<20:41,  3.89it/s]DLL 2020-12-15 08:38:39.516032 - Training Epoch: 0 Training Iteration: 107  average_loss : 8.0859375  step_loss : 8.0859375  learning_rate : 0.0051 

Iteration:   2%|▏         | 107/4935 [00:30<20:41,  3.89it/s]DLL 2020-12-15 08:38:39.774050 - Training Epoch: 0 Training Iteration: 108  average_loss : 8.140625  step_loss : 8.140625  learning_rate : 0.00515 

Iteration:   2%|▏         | 108/4935 [00:30<20:42,  3.88it/s]DLL 2020-12-15 08:38:40.033547 - Training Epoch: 0 Training Iteration: 109  average_loss : 8.125  step_loss : 8.125  learning_rate : 0.005200000000000001 

Iteration:   2%|▏         | 109/4935 [00:30<20:45,  3.88it/s]DLL 2020-12-15 08:38:40.289864 - Training Epoch: 0 Training Iteration: 110  average_loss : 8.140625  step_loss : 8.140625  learning_rate : 0.00525 

Iteration:   2%|▏         | 110/4935 [00:30<20:42,  3.88it/s]DLL 2020-12-15 08:38:40.547498 - Training Epoch: 0 Training Iteration: 111  average_loss : 8.0859375  step_loss : 8.0859375  learning_rate : 0.0053 

Iteration:   2%|▏         | 111/4935 [00:31<20:42,  3.88it/s]DLL 2020-12-15 08:38:40.804974 - Training Epoch: 0 Training Iteration: 112  average_loss : 8.109375  step_loss : 8.109375  learning_rate : 0.005350000000000001 

Iteration:   2%|▏         | 112/4935 [00:31<20:42,  3.88it/s]DLL 2020-12-15 08:38:41.062175 - Training Epoch: 0 Training Iteration: 113  average_loss : 8.125  step_loss : 8.125  learning_rate : 0.0054 

Iteration:   2%|▏         | 113/4935 [00:31<20:41,  3.88it/s]DLL 2020-12-15 08:38:41.320057 - Training Epoch: 0 Training Iteration: 114  average_loss : 8.09375  step_loss : 8.09375  learning_rate : 0.00545 

Iteration:   2%|▏         | 114/4935 [00:31<20:41,  3.88it/s]DLL 2020-12-15 08:38:41.578287 - Training Epoch: 0 Training Iteration: 115  average_loss : 8.125  step_loss : 8.125  learning_rate : 0.0055 

Iteration:   2%|▏         | 115/4935 [00:32<20:42,  3.88it/s]DLL 2020-12-15 08:38:41.834267 - Training Epoch: 0 Training Iteration: 116  average_loss : 8.0859375  step_loss : 8.0859375  learning_rate : 0.00555 

Iteration:   2%|▏         | 116/4935 [00:32<20:39,  3.89it/s]DLL 2020-12-15 08:38:42.091593 - Training Epoch: 0 Training Iteration: 117  average_loss : 8.0234375  step_loss : 8.0234375  learning_rate : 0.0056 

Iteration:   2%|▏         | 117/4935 [00:32<20:39,  3.89it/s]DLL 2020-12-15 08:38:42.347913 - Training Epoch: 0 Training Iteration: 118  average_loss : 8.0703125  step_loss : 8.0703125  learning_rate : 0.00565 

Iteration:   2%|▏         | 118/4935 [00:32<20:37,  3.89it/s]DLL 2020-12-15 08:38:42.607138 - Training Epoch: 0 Training Iteration: 119  average_loss : 7.8984375  step_loss : 7.8984375  learning_rate : 0.0057 

Iteration:   2%|▏         | 119/4935 [00:33<20:40,  3.88it/s]DLL 2020-12-15 08:38:42.863245 - Training Epoch: 0 Training Iteration: 120  final_loss : 8.0703125 
DLL 2020-12-15 08:38:42.863424 - PARAMETER checkpoint_step : 120 

Iteration:   2%|▏         | 119/4935 [00:38<25:57,  3.09it/s]
DLL 2020-12-15 08:38:48.061244 -  e2e_train_time : 53.12238621711731  training_sequences_per_second : 3682.155065603729  final_loss : 8.0703125  raw_train_time : 33.371761322021484 
*****************************************
Setting OMP_NUM_THREADS environment variable for each process to be 1 in default, to avoid your system being overloaded, please further tune the variable for optimal performance in your application as needed. 
*****************************************
